<?xml version="1.0" encoding="UTF-8"?>
<!-- Generated by org.testng.reporters.JUnitXMLReporter -->
<testsuite ignored="1" hostname="LAPTOP-UDFPUN96" failures="0" tests="3" name="Default test" time="19.631" errors="0" timestamp="2023-02-04T13:20:10 EST">
  <testcase classname="testNGLearning.Rediff" name="openBrowser" time="4.907"/>
  <testcase classname="testNGLearning.Rediff" name="login" time="14.197"/>
  <testcase classname="testNGLearning.Rediff" name="closeBrowser" time="0.43"/>
  <testcase classname="testNGLearning.Rediff" name="login1" time="0.0">
    <ignored/>
  </testcase> <!-- login1 -->
</testsuite> <!-- Default test -->
