<?xml version="1.0" encoding="UTF-8"?>
<testng-results ignored="1" total="4" passed="3" failed="0" skipped="0">
  <reporter-output>
  </reporter-output>
  <suite started-at="2023-02-04T13:19:51 EST" name="Default suite" finished-at="2023-02-04T13:20:10 EST" duration-ms="19631">
    <groups>
    </groups>
    <test started-at="2023-02-04T13:19:51 EST" name="Default test" finished-at="2023-02-04T13:20:10 EST" duration-ms="19631">
      <class name="testNGLearning.Rediff">
        <test-method signature="openBrowser()[pri:1, instance:testNGLearning.Rediff@318ba8c8]" started-at="2023-02-04T13:19:51 EST" name="openBrowser" description="Launch" finished-at="2023-02-04T13:19:56 EST" duration-ms="4907" status="PASS">
          <reporter-output>
          </reporter-output>
        </test-method> <!-- openBrowser -->
        <test-method signature="login()[pri:2, instance:testNGLearning.Rediff@318ba8c8]" started-at="2023-02-04T13:19:56 EST" name="login" description="Hard Assert" finished-at="2023-02-04T13:20:10 EST" duration-ms="14197" status="PASS">
          <reporter-output>
          </reporter-output>
        </test-method> <!-- login -->
        <test-method signature="closeBrowser()[pri:3, instance:testNGLearning.Rediff@318ba8c8]" started-at="2023-02-04T13:20:10 EST" name="closeBrowser" description="Logout" finished-at="2023-02-04T13:20:10 EST" duration-ms="430" status="PASS">
          <reporter-output>
          </reporter-output>
        </test-method> <!-- closeBrowser -->
      </class> <!-- testNGLearning.Rediff -->
    </test> <!-- Default test -->
  </suite> <!-- Default suite -->
</testng-results>
